0 silly argv { _: [ 'version' ], lernaVersion: '8.0.1', '$0': 'lerna' }
1 notice cli v8.0.1
2 verbose packageConfigs Explicit "packages" configuration found in lerna.json. Resolving packages using the configured glob(s): ["packages/*"]
3 verbose rootPath /Users/naoki/Development/Apps/lerna-playground
4 info versioning independent
5 silly isAnythingCommitted
6 verbose isAnythingCommitted 1
7 silly getCurrentBranch
8 verbose currentBranch style/add-new-button-5
9 silly remoteBranchExists
10 silly isBehindUpstream
11 silly isBehindUpstream style/add-new-button-5 is behind origin/style/add-new-button-5 by 0 commit(s) and ahead by 1
12 silly hasTags
13 verbose hasTags true
14 silly git-describe.sync "@nk18chi/components@0.2.18-2-gad96c2a" => {"lastTagName":"@nk18chi/components@0.2.18","lastVersion":"0.2.18","refCount":"2","sha":"ad96c2a","isDirty":false}
15 info Looking for changed packages since @nk18chi/components@0.2.18
16 info ignoring diff in paths matching [
16 info ignoring diff in paths matching   '**/CHANGELOG.md',
16 info ignoring diff in paths matching   '**/node_modules/**',
16 info ignoring diff in paths matching   '**/package.json',
16 info ignoring diff in paths matching   '**/*.md'
16 info ignoring diff in paths matching ]
17 silly checking diff packages/components
18 silly no diff found in @nk18chi/components
19 silly checking diff packages/frontend
20 silly found diff in packages/frontend/app/page.tsx
21 verbose filtered diff [ 'packages/frontend/app/page.tsx' ]
22 verbose updated @nk18chi/frontend
23 verbose git-describe undefined => "@nk18chi/components@0.2.18-2-gad96c2a"
24 silly git-describe parsed => {"lastTagName":"@nk18chi/components@0.2.18","lastVersion":"0.2.18","refCount":"2","sha":"ad96c2a","isDirty":false}
25 silly independent for @nk18chi/frontend at /Users/naoki/Development/Apps/lerna-playground/packages/frontend
26 verbose getChangelogConfig using preset "conventional-changelog-angular"
27 silly npa Result {
27 silly npa   type: 'tag',
27 silly npa   registry: true,
27 silly npa   where: undefined,
27 silly npa   raw: 'conventional-changelog-angular',
27 silly npa   name: 'conventional-changelog-angular',
27 silly npa   escapedName: 'conventional-changelog-angular',
27 silly npa   scope: undefined,
27 silly npa   rawSpec: '',
27 silly npa   saveSpec: null,
27 silly npa   fetchSpec: 'latest',
27 silly npa   gitRange: undefined,
27 silly npa   gitCommittish: undefined,
27 silly npa   hosted: undefined
27 silly npa }
28 verbose getChangelogConfig Attempting to resolve preset "conventional-changelog-angular"
29 info getChangelogConfig Successfully resolved preset "conventional-changelog-angular"
30 verbose independent increment 0.2.18 by patch
31 info auto-confirmed
32 info execute Skipping releases
33 silly lifecycle No script for "preversion" in "root", continuing
34 silly lifecycle No script for "preversion" in "@nk18chi/frontend", continuing
35 verbose version @nk18chi/frontend has no lockfile. Skipping lockfile update.
36 silly lifecycle No script for "version" in "@nk18chi/frontend", continuing
37 silly independent for @nk18chi/frontend at /Users/naoki/Development/Apps/lerna-playground/packages/frontend
38 silly independent writing new entry: "## [0.2.19](https://github.com/nk18chi/lerna-playground/compare/@nk18chi/frontend@0.2.18...@nk18chi/frontend@0.2.19) (2024-01-11)\n\n**Note:** Version bump only for package @nk18chi/frontend\n\n\n\n"
39 verbose independent wrote /Users/naoki/Development/Apps/lerna-playground/packages/frontend/CHANGELOG.md
40 silly lifecycle No script for "version" in "root", continuing
41 verbose version Updating root package-lock.json
42 silly gitAdd [
42 silly gitAdd   'packages/frontend/package.json',
42 silly gitAdd   'packages/frontend/CHANGELOG.md',
42 silly gitAdd   'package-lock.json'
42 silly gitAdd ]
43 silly gitCommit chore(package): bump the package version
43 silly gitCommit
43 silly gitCommit  - @nk18chi/frontend@0.2.19
44 verbose git [
44 verbose git   'commit',
44 verbose git   '-F',
44 verbose git   '/private/var/folders/9p/4zr6t9pn3h74hhjh7scq3rsc0000gn/T/05ea27bd-edd4-44f1-9089-7f1459a55401/lerna-commit.txt'
44 verbose git ]
45 silly gitTag @nk18chi/frontend@0.2.19 git tag %s -m %s
46 verbose git [ 'tag', '@nk18chi/frontend@0.2.19', '-m', '@nk18chi/frontend@0.2.19' ]
47 error Error: Command failed with exit code 128: git tag @nk18chi/frontend@0.2.19 -m @nk18chi/frontend@0.2.19
47 error fatal: tag '@nk18chi/frontend@0.2.19' already exists
47 error     at makeError (/Users/naoki/.nvm/versions/node/v20.10.0/lib/node_modules/lerna/node_modules/execa/lib/error.js:59:11)
47 error     at handlePromise (/Users/naoki/.nvm/versions/node/v20.10.0/lib/node_modules/lerna/node_modules/execa/index.js:114:26)
47 error     at process.processTicksAndRejections (node:internal/process/task_queues:95:5)
47 error     at async Promise.all (index 0)
47 error     at async VersionCommand.gitCommitAndTagVersionForUpdates (/Users/naoki/.nvm/versions/node/v20.10.0/lib/node_modules/lerna/dist/index.js:8520:11)
47 error     at async VersionCommand.commitAndTagUpdates (/Users/naoki/.nvm/versions/node/v20.10.0/lib/node_modules/lerna/dist/index.js:8496:18)
47 error     at async Promise.all (index 0)
